Determining if the pthread_create exist failed with the following output:
Change Dir: /home/nvidia/opencv_dnn_detect/jetson_tegra_gstreamer_camera/bld/CMakeFiles/CMakeTmp

Run Build Command:"/usr/bin/make" "cmTC_b514e/fast"
/usr/bin/make -f CMakeFiles/cmTC_b514e.dir/build.make CMakeFiles/cmTC_b514e.dir/build
make[1]: Entering directory '/home/nvidia/opencv_dnn_detect/jetson_tegra_gstreamer_camera/bld/CMakeFiles/CMakeTmp'
Building C object CMakeFiles/cmTC_b514e.dir/CheckSymbolExists.c.o
/usr/bin/cc   -fPIC    -o CMakeFiles/cmTC_b514e.dir/CheckSymbolExists.c.o   -c /home/nvidia/opencv_dnn_detect/jetson_tegra_gstreamer_camera/bld/CMakeFiles/CMakeTmp/CheckSymbolExists.c
Linking C executable cmTC_b514e
/usr/local/bin/cmake -E cmake_link_script CMakeFiles/cmTC_b514e.dir/link.txt --verbose=1
/usr/bin/cc -fPIC     -rdynamic CMakeFiles/cmTC_b514e.dir/CheckSymbolExists.c.o  -o cmTC_b514e 
CMakeFiles/cmTC_b514e.dir/CheckSymbolExists.c.o: In function `main':
CheckSymbolExists.c:(.text+0x14): undefined reference to `pthread_create'
CheckSymbolExists.c:(.text+0x18): undefined reference to `pthread_create'
collect2: error: ld returned 1 exit status
CMakeFiles/cmTC_b514e.dir/build.make:97: recipe for target 'cmTC_b514e' failed
make[1]: *** [cmTC_b514e] Error 1
make[1]: Leaving directory '/home/nvidia/opencv_dnn_detect/jetson_tegra_gstreamer_camera/bld/CMakeFiles/CMakeTmp'
Makefile:126: recipe for target 'cmTC_b514e/fast' failed
make: *** [cmTC_b514e/fast] Error 2

File /home/nvidia/opencv_dnn_detect/jetson_tegra_gstreamer_camera/bld/CMakeFiles/CMakeTmp/CheckSymbolExists.c:
/* */
#include <pthread.h>

int main(int argc, char** argv)
{
  (void)argv;
#ifndef pthread_create
  return ((int*)(&pthread_create))[argc];
#else
  (void)argc;
  return 0;
#endif
}

Determining if the function pthread_create exists in the pthreads failed with the following output:
Change Dir: /home/nvidia/opencv_dnn_detect/jetson_tegra_gstreamer_camera/bld/CMakeFiles/CMakeTmp

Run Build Command:"/usr/bin/make" "cmTC_6f31a/fast"
/usr/bin/make -f CMakeFiles/cmTC_6f31a.dir/build.make CMakeFiles/cmTC_6f31a.dir/build
make[1]: Entering directory '/home/nvidia/opencv_dnn_detect/jetson_tegra_gstreamer_camera/bld/CMakeFiles/CMakeTmp'
Building C object CMakeFiles/cmTC_6f31a.dir/CheckFunctionExists.c.o
/usr/bin/cc   -fPIC -DCHECK_FUNCTION_EXISTS=pthread_create   -o CMakeFiles/cmTC_6f31a.dir/CheckFunctionExists.c.o   -c /usr/local/share/cmake-3.9/Modules/CheckFunctionExists.c
Linking C executable cmTC_6f31a
/usr/local/bin/cmake -E cmake_link_script CMakeFiles/cmTC_6f31a.dir/link.txt --verbose=1
/usr/bin/cc -fPIC -DCHECK_FUNCTION_EXISTS=pthread_create    -rdynamic CMakeFiles/cmTC_6f31a.dir/CheckFunctionExists.c.o  -o cmTC_6f31a -lpthreads 
/usr/bin/ld: cannot find -lpthreads
collect2: error: ld returned 1 exit status
CMakeFiles/cmTC_6f31a.dir/build.make:97: recipe for target 'cmTC_6f31a' failed
make[1]: *** [cmTC_6f31a] Error 1
make[1]: Leaving directory '/home/nvidia/opencv_dnn_detect/jetson_tegra_gstreamer_camera/bld/CMakeFiles/CMakeTmp'
Makefile:126: recipe for target 'cmTC_6f31a/fast' failed
make: *** [cmTC_6f31a/fast] Error 2


