Determining if the pthread_create exist failed with the following output:
Change Dir: /home/nvidia/opencv_dnn_detect/ssd_mobilenet_opencv/bld/CMakeFiles/CMakeTmp

Run Build Command:"/usr/bin/make" "cmTC_9f50f/fast"
/usr/bin/make -f CMakeFiles/cmTC_9f50f.dir/build.make CMakeFiles/cmTC_9f50f.dir/build
make[1]: Entering directory '/home/nvidia/opencv_dnn_detect/ssd_mobilenet_opencv/bld/CMakeFiles/CMakeTmp'
Building C object CMakeFiles/cmTC_9f50f.dir/CheckSymbolExists.c.o
/usr/bin/cc   -fPIC    -o CMakeFiles/cmTC_9f50f.dir/CheckSymbolExists.c.o   -c /home/nvidia/opencv_dnn_detect/ssd_mobilenet_opencv/bld/CMakeFiles/CMakeTmp/CheckSymbolExists.c
Linking C executable cmTC_9f50f
/usr/local/bin/cmake -E cmake_link_script CMakeFiles/cmTC_9f50f.dir/link.txt --verbose=1
/usr/bin/cc -fPIC     -rdynamic CMakeFiles/cmTC_9f50f.dir/CheckSymbolExists.c.o  -o cmTC_9f50f 
CMakeFiles/cmTC_9f50f.dir/CheckSymbolExists.c.o: In function `main':
CheckSymbolExists.c:(.text+0x14): undefined reference to `pthread_create'
CheckSymbolExists.c:(.text+0x18): undefined reference to `pthread_create'
collect2: error: ld returned 1 exit status
CMakeFiles/cmTC_9f50f.dir/build.make:97: recipe for target 'cmTC_9f50f' failed
make[1]: *** [cmTC_9f50f] Error 1
make[1]: Leaving directory '/home/nvidia/opencv_dnn_detect/ssd_mobilenet_opencv/bld/CMakeFiles/CMakeTmp'
Makefile:126: recipe for target 'cmTC_9f50f/fast' failed
make: *** [cmTC_9f50f/fast] Error 2

File /home/nvidia/opencv_dnn_detect/ssd_mobilenet_opencv/bld/CMakeFiles/CMakeTmp/CheckSymbolExists.c:
/* */
#include <pthread.h>

int main(int argc, char** argv)
{
  (void)argv;
#ifndef pthread_create
  return ((int*)(&pthread_create))[argc];
#else
  (void)argc;
  return 0;
#endif
}

Determining if the function pthread_create exists in the pthreads failed with the following output:
Change Dir: /home/nvidia/opencv_dnn_detect/ssd_mobilenet_opencv/bld/CMakeFiles/CMakeTmp

Run Build Command:"/usr/bin/make" "cmTC_53487/fast"
/usr/bin/make -f CMakeFiles/cmTC_53487.dir/build.make CMakeFiles/cmTC_53487.dir/build
make[1]: Entering directory '/home/nvidia/opencv_dnn_detect/ssd_mobilenet_opencv/bld/CMakeFiles/CMakeTmp'
Building C object CMakeFiles/cmTC_53487.dir/CheckFunctionExists.c.o
/usr/bin/cc   -fPIC -DCHECK_FUNCTION_EXISTS=pthread_create   -o CMakeFiles/cmTC_53487.dir/CheckFunctionExists.c.o   -c /usr/local/share/cmake-3.9/Modules/CheckFunctionExists.c
Linking C executable cmTC_53487
/usr/local/bin/cmake -E cmake_link_script CMakeFiles/cmTC_53487.dir/link.txt --verbose=1
/usr/bin/cc -fPIC -DCHECK_FUNCTION_EXISTS=pthread_create    -rdynamic CMakeFiles/cmTC_53487.dir/CheckFunctionExists.c.o  -o cmTC_53487 -lpthreads 
/usr/bin/ld: cannot find -lpthreads
collect2: error: ld returned 1 exit status
CMakeFiles/cmTC_53487.dir/build.make:97: recipe for target 'cmTC_53487' failed
make[1]: *** [cmTC_53487] Error 1
make[1]: Leaving directory '/home/nvidia/opencv_dnn_detect/ssd_mobilenet_opencv/bld/CMakeFiles/CMakeTmp'
Makefile:126: recipe for target 'cmTC_53487/fast' failed
make: *** [cmTC_53487/fast] Error 2


