Determining if the pthread_create exist failed with the following output:
Change Dir: /home/nvidia/opencv_dnn_detect/yolo_opencv/bld/CMakeFiles/CMakeTmp

Run Build Command:"/usr/bin/make" "cmTC_beba4/fast"
/usr/bin/make -f CMakeFiles/cmTC_beba4.dir/build.make CMakeFiles/cmTC_beba4.dir/build
make[1]: Entering directory '/home/nvidia/opencv_dnn_detect/yolo_opencv/bld/CMakeFiles/CMakeTmp'
Building C object CMakeFiles/cmTC_beba4.dir/CheckSymbolExists.c.o
/usr/bin/cc   -fPIC    -o CMakeFiles/cmTC_beba4.dir/CheckSymbolExists.c.o   -c /home/nvidia/opencv_dnn_detect/yolo_opencv/bld/CMakeFiles/CMakeTmp/CheckSymbolExists.c
Linking C executable cmTC_beba4
/usr/local/bin/cmake -E cmake_link_script CMakeFiles/cmTC_beba4.dir/link.txt --verbose=1
/usr/bin/cc -fPIC     -rdynamic CMakeFiles/cmTC_beba4.dir/CheckSymbolExists.c.o  -o cmTC_beba4 
CMakeFiles/cmTC_beba4.dir/CheckSymbolExists.c.o: In function `main':
CheckSymbolExists.c:(.text+0x14): undefined reference to `pthread_create'
CheckSymbolExists.c:(.text+0x18): undefined reference to `pthread_create'
collect2: error: ld returned 1 exit status
CMakeFiles/cmTC_beba4.dir/build.make:97: recipe for target 'cmTC_beba4' failed
make[1]: *** [cmTC_beba4] Error 1
make[1]: Leaving directory '/home/nvidia/opencv_dnn_detect/yolo_opencv/bld/CMakeFiles/CMakeTmp'
Makefile:126: recipe for target 'cmTC_beba4/fast' failed
make: *** [cmTC_beba4/fast] Error 2

File /home/nvidia/opencv_dnn_detect/yolo_opencv/bld/CMakeFiles/CMakeTmp/CheckSymbolExists.c:
/* */
#include <pthread.h>

int main(int argc, char** argv)
{
  (void)argv;
#ifndef pthread_create
  return ((int*)(&pthread_create))[argc];
#else
  (void)argc;
  return 0;
#endif
}

Determining if the function pthread_create exists in the pthreads failed with the following output:
Change Dir: /home/nvidia/opencv_dnn_detect/yolo_opencv/bld/CMakeFiles/CMakeTmp

Run Build Command:"/usr/bin/make" "cmTC_44ea5/fast"
/usr/bin/make -f CMakeFiles/cmTC_44ea5.dir/build.make CMakeFiles/cmTC_44ea5.dir/build
make[1]: Entering directory '/home/nvidia/opencv_dnn_detect/yolo_opencv/bld/CMakeFiles/CMakeTmp'
Building C object CMakeFiles/cmTC_44ea5.dir/CheckFunctionExists.c.o
/usr/bin/cc   -fPIC -DCHECK_FUNCTION_EXISTS=pthread_create   -o CMakeFiles/cmTC_44ea5.dir/CheckFunctionExists.c.o   -c /usr/local/share/cmake-3.9/Modules/CheckFunctionExists.c
Linking C executable cmTC_44ea5
/usr/local/bin/cmake -E cmake_link_script CMakeFiles/cmTC_44ea5.dir/link.txt --verbose=1
/usr/bin/cc -fPIC -DCHECK_FUNCTION_EXISTS=pthread_create    -rdynamic CMakeFiles/cmTC_44ea5.dir/CheckFunctionExists.c.o  -o cmTC_44ea5 -lpthreads 
/usr/bin/ld: cannot find -lpthreads
collect2: error: ld returned 1 exit status
CMakeFiles/cmTC_44ea5.dir/build.make:97: recipe for target 'cmTC_44ea5' failed
make[1]: *** [cmTC_44ea5] Error 1
make[1]: Leaving directory '/home/nvidia/opencv_dnn_detect/yolo_opencv/bld/CMakeFiles/CMakeTmp'
Makefile:126: recipe for target 'cmTC_44ea5/fast' failed
make: *** [cmTC_44ea5/fast] Error 2


